<?xml version="1.0" encoding="UTF-8"?>
<robot generator="Robot 4.1.2 (Python 3.8.8 on win32)" generated="20211213 22:09:46.743" rpa="false" schemaversion="2">
<suite id="s1" name="Tests" source="C:\Users\Terra\Downloads\stsweng exercise\SauceDemoRobot\tests">
<suite id="s1-s1" name="Locked User" source="C:\Users\Terra\Downloads\stsweng exercise\SauceDemoRobot\tests\locked_user.robot">
<test id="s1-s1-t1" name="Locked User">
<kw name="Open Browser" library="SeleniumLibrary">
<arg>https://www.saucedemo.com/</arg>
<arg>chrome</arg>
<doc>Opens a new browser instance to the optional ``url``.</doc>
<msg timestamp="20211213 22:09:46.956" level="INFO">Opening browser 'chrome' to base url 'https://www.saucedemo.com/'.</msg>
<status status="PASS" starttime="20211213 22:09:46.955" endtime="20211213 22:09:49.565"/>
</kw>
<kw name="Maximize Browser Window" library="SeleniumLibrary">
<doc>Maximizes current browser window.</doc>
<status status="PASS" starttime="20211213 22:09:49.565" endtime="20211213 22:09:49.689"/>
</kw>
<kw name="Page Should Contain Element" library="SeleniumLibrary">
<arg>login-button</arg>
<doc>Verifies that element ``locator`` is found on the current page.</doc>
<msg timestamp="20211213 22:09:49.698" level="INFO">Current page contains element 'login-button'.</msg>
<status status="PASS" starttime="20211213 22:09:49.689" endtime="20211213 22:09:49.698"/>
</kw>
<kw name="Input Text" library="SeleniumLibrary">
<arg>user-name</arg>
<arg>locked_out_user</arg>
<doc>Types the given ``text`` into the text field identified by ``locator``.</doc>
<msg timestamp="20211213 22:09:49.699" level="INFO">Typing text 'locked_out_user' into text field 'user-name'.</msg>
<status status="PASS" starttime="20211213 22:09:49.698" endtime="20211213 22:09:49.778"/>
</kw>
<kw name="Input Password" library="SeleniumLibrary">
<arg>password</arg>
<arg>secret_sauce</arg>
<doc>Types the given password into the text field identified by ``locator``.</doc>
<msg timestamp="20211213 22:09:49.779" level="INFO">Typing password into text field 'password'.</msg>
<msg timestamp="20211213 22:09:49.806" level="INFO">Temporally setting log level to: NONE</msg>
<msg timestamp="20211213 22:09:49.840" level="INFO">Log level changed from NONE to INFO.</msg>
<status status="PASS" starttime="20211213 22:09:49.779" endtime="20211213 22:09:49.840"/>
</kw>
<kw name="Click Button" library="SeleniumLibrary">
<arg>login-button</arg>
<doc>Clicks the button identified by ``locator``.</doc>
<msg timestamp="20211213 22:09:49.841" level="INFO">Clicking button 'login-button'.</msg>
<status status="PASS" starttime="20211213 22:09:49.840" endtime="20211213 22:09:49.884"/>
</kw>
<kw name="Element Text Should Be" library="SeleniumLibrary">
<arg>xpath://*[@id="login_button_container"]/div/form/div[3]/h3</arg>
<arg>Epic sadface: Sorry, this user has been locked out.</arg>
<doc>Verifies that element ``locator`` contains exact the text ``expected``.</doc>
<msg timestamp="20211213 22:09:49.885" level="INFO">Verifying element 'xpath://*[@id="login_button_container"]/div/form/div[3]/h3' contains exact text 'Epic sadface: Sorry, this user has been locked out.'.</msg>
<status status="PASS" starttime="20211213 22:09:49.884" endtime="20211213 22:09:49.902"/>
</kw>
<kw name="Close Browser" library="SeleniumLibrary" type="TEARDOWN">
<doc>Closes the current browser.</doc>
<status status="PASS" starttime="20211213 22:09:49.902" endtime="20211213 22:09:52.058"/>
</kw>
<status status="PASS" starttime="20211213 22:09:46.952" endtime="20211213 22:09:52.058"/>
</test>
<doc>A test suite with a single test for locked user


</doc>
<status status="PASS" starttime="20211213 22:09:46.773" endtime="20211213 22:09:52.060"/>
</suite>
<suite id="s1-s2" name="Problem User" source="C:\Users\Terra\Downloads\stsweng exercise\SauceDemoRobot\tests\problem_user.robot">
<test id="s1-s2-t1" name="Problem User">
<kw name="Open Browser" library="SeleniumLibrary">
<arg>https://www.saucedemo.com/</arg>
<arg>chrome</arg>
<doc>Opens a new browser instance to the optional ``url``.</doc>
<msg timestamp="20211213 22:09:52.067" level="INFO">Opening browser 'chrome' to base url 'https://www.saucedemo.com/'.</msg>
<status status="PASS" starttime="20211213 22:09:52.067" endtime="20211213 22:09:53.740"/>
</kw>
<kw name="Maximize Browser Window" library="SeleniumLibrary">
<doc>Maximizes current browser window.</doc>
<status status="PASS" starttime="20211213 22:09:53.740" endtime="20211213 22:09:53.856"/>
</kw>
<kw name="Page Should Contain Element" library="SeleniumLibrary">
<arg>login-button</arg>
<doc>Verifies that element ``locator`` is found on the current page.</doc>
<msg timestamp="20211213 22:09:53.868" level="INFO">Current page contains element 'login-button'.</msg>
<status status="PASS" starttime="20211213 22:09:53.856" endtime="20211213 22:09:53.869"/>
</kw>
<kw name="Input Text" library="SeleniumLibrary">
<arg>user-name</arg>
<arg>problem_user</arg>
<doc>Types the given ``text`` into the text field identified by ``locator``.</doc>
<msg timestamp="20211213 22:09:53.870" level="INFO">Typing text 'problem_user' into text field 'user-name'.</msg>
<status status="PASS" starttime="20211213 22:09:53.869" endtime="20211213 22:09:53.956"/>
</kw>
<kw name="Input Password" library="SeleniumLibrary">
<arg>password</arg>
<arg>secret_sauce</arg>
<doc>Types the given password into the text field identified by ``locator``.</doc>
<msg timestamp="20211213 22:09:53.957" level="INFO">Typing password into text field 'password'.</msg>
<msg timestamp="20211213 22:09:53.990" level="INFO">Temporally setting log level to: NONE</msg>
<msg timestamp="20211213 22:09:54.030" level="INFO">Log level changed from NONE to INFO.</msg>
<status status="PASS" starttime="20211213 22:09:53.957" endtime="20211213 22:09:54.030"/>
</kw>
<kw name="Click Button" library="SeleniumLibrary">
<arg>login-button</arg>
<doc>Clicks the button identified by ``locator``.</doc>
<msg timestamp="20211213 22:09:54.031" level="INFO">Clicking button 'login-button'.</msg>
<status status="PASS" starttime="20211213 22:09:54.030" endtime="20211213 22:09:54.107"/>
</kw>
<kw name="Page Should Contain Image" library="SeleniumLibrary">
<arg>xpath://*[@id="item_4_img_link"]/img</arg>
<arg>/static/media/s1-404.168b1cce.ijpg</arg>
<doc>Verifies image identified by ``locator`` is found from current page.</doc>
<msg timestamp="20211213 22:09:54.119" level="INFO">Current page contains image 'xpath://*[@id="item_4_img_link"]/img'.</msg>
<status status="PASS" starttime="20211213 22:09:54.107" endtime="20211213 22:09:54.119"/>
</kw>
<kw name="Close Browser" library="SeleniumLibrary" type="TEARDOWN">
<doc>Closes the current browser.</doc>
<status status="PASS" starttime="20211213 22:09:54.120" endtime="20211213 22:09:56.273"/>
</kw>
<status status="PASS" starttime="20211213 22:09:52.066" endtime="20211213 22:09:56.274"/>
</test>
<doc>A test suite with a single test for problem user


</doc>
<status status="PASS" starttime="20211213 22:09:52.062" endtime="20211213 22:09:56.276"/>
</suite>
<suite id="s1-s3" name="Sort AtoZ" source="C:\Users\Terra\Downloads\stsweng exercise\SauceDemoRobot\tests\Sort_AtoZ.robot">
<test id="s1-s3-t1" name="Sort A to Z">
<kw name="Open Browser" library="SeleniumLibrary">
<arg>https://www.saucedemo.com/</arg>
<arg>chrome</arg>
<doc>Opens a new browser instance to the optional ``url``.</doc>
<msg timestamp="20211213 22:09:56.285" level="INFO">Opening browser 'chrome' to base url 'https://www.saucedemo.com/'.</msg>
<status status="PASS" starttime="20211213 22:09:56.284" endtime="20211213 22:09:58.899"/>
</kw>
<kw name="Maximize Browser Window" library="SeleniumLibrary">
<doc>Maximizes current browser window.</doc>
<status status="PASS" starttime="20211213 22:09:58.900" endtime="20211213 22:09:59.042"/>
</kw>
<kw name="Page Should Contain Element" library="SeleniumLibrary">
<arg>login-button</arg>
<doc>Verifies that element ``locator`` is found on the current page.</doc>
<msg timestamp="20211213 22:09:59.054" level="INFO">Current page contains element 'login-button'.</msg>
<status status="PASS" starttime="20211213 22:09:59.043" endtime="20211213 22:09:59.055"/>
</kw>
<kw name="Input Text" library="SeleniumLibrary">
<arg>user-name</arg>
<arg>standard_user</arg>
<doc>Types the given ``text`` into the text field identified by ``locator``.</doc>
<msg timestamp="20211213 22:09:59.057" level="INFO">Typing text 'standard_user' into text field 'user-name'.</msg>
<status status="PASS" starttime="20211213 22:09:59.056" endtime="20211213 22:09:59.162"/>
</kw>
<kw name="Input Password" library="SeleniumLibrary">
<arg>password</arg>
<arg>secret_sauce</arg>
<doc>Types the given password into the text field identified by ``locator``.</doc>
<msg timestamp="20211213 22:09:59.163" level="INFO">Typing password into text field 'password'.</msg>
<msg timestamp="20211213 22:09:59.201" level="INFO">Temporally setting log level to: NONE</msg>
<msg timestamp="20211213 22:09:59.247" level="INFO">Log level changed from NONE to INFO.</msg>
<status status="PASS" starttime="20211213 22:09:59.162" endtime="20211213 22:09:59.247"/>
</kw>
<kw name="Click Button" library="SeleniumLibrary">
<arg>login-button</arg>
<doc>Clicks the button identified by ``locator``.</doc>
<msg timestamp="20211213 22:09:59.248" level="INFO">Clicking button 'login-button'.</msg>
<status status="PASS" starttime="20211213 22:09:59.248" endtime="20211213 22:09:59.336"/>
</kw>
<kw name="Select From List By Index" library="SeleniumLibrary">
<arg>xpath://*[@id="header_container"]/div[2]/div[2]/span/select</arg>
<arg>0</arg>
<doc>Selects options from selection list ``locator`` by ``indexes``.</doc>
<msg timestamp="20211213 22:09:59.337" level="INFO">Selecting options from selection list 'xpath://*[@id="header_container"]/div[2]/div[2]/span/select' by index 0.</msg>
<status status="PASS" starttime="20211213 22:09:59.336" endtime="20211213 22:09:59.377"/>
</kw>
<kw name="Element Text Should Be" library="SeleniumLibrary">
<arg>xpath:/html/body/div/div/div/div[2]/div/div/div/div[1]/div[2]/div[1]/a/div</arg>
<arg>Sauce Labs Backpack</arg>
<doc>Verifies that element ``locator`` contains exact the text ``expected``.</doc>
<msg timestamp="20211213 22:09:59.378" level="INFO">Verifying element 'xpath:/html/body/div/div/div/div[2]/div/div/div/div[1]/div[2]/div[1]/a/div' contains exact text 'Sauce Labs Backpack'.</msg>
<status status="PASS" starttime="20211213 22:09:59.377" endtime="20211213 22:09:59.395"/>
</kw>
<kw name="Element Text Should Be" library="SeleniumLibrary">
<arg>xpath:/html/body/div/div/div/div[2]/div/div/div/div[6]/div[2]/div[1]/a/div</arg>
<arg>Test.allTheThings() T-Shirt (Red)</arg>
<doc>Verifies that element ``locator`` contains exact the text ``expected``.</doc>
<msg timestamp="20211213 22:09:59.395" level="INFO">Verifying element 'xpath:/html/body/div/div/div/div[2]/div/div/div/div[6]/div[2]/div[1]/a/div' contains exact text 'Test.allTheThings() T-Shirt (Red)'.</msg>
<status status="PASS" starttime="20211213 22:09:59.395" endtime="20211213 22:09:59.411"/>
</kw>
<kw name="Close Browser" library="SeleniumLibrary" type="TEARDOWN">
<doc>Closes the current browser.</doc>
<status status="PASS" starttime="20211213 22:09:59.412" endtime="20211213 22:10:01.605"/>
</kw>
<status status="PASS" starttime="20211213 22:09:56.284" endtime="20211213 22:10:01.605"/>
</test>
<doc>A test suite with a single test for sorting A-Z


</doc>
<status status="PASS" starttime="20211213 22:09:56.279" endtime="20211213 22:10:01.607"/>
</suite>
<suite id="s1-s4" name="Sort ZtoA" source="C:\Users\Terra\Downloads\stsweng exercise\SauceDemoRobot\tests\Sort_ZtoA.robot">
<test id="s1-s4-t1" name="Sort Z to A">
<kw name="Open Browser" library="SeleniumLibrary">
<arg>https://www.saucedemo.com/</arg>
<arg>chrome</arg>
<doc>Opens a new browser instance to the optional ``url``.</doc>
<msg timestamp="20211213 22:10:01.612" level="INFO">Opening browser 'chrome' to base url 'https://www.saucedemo.com/'.</msg>
<status status="PASS" starttime="20211213 22:10:01.612" endtime="20211213 22:10:03.510"/>
</kw>
<kw name="Maximize Browser Window" library="SeleniumLibrary">
<doc>Maximizes current browser window.</doc>
<status status="PASS" starttime="20211213 22:10:03.511" endtime="20211213 22:10:03.632"/>
</kw>
<kw name="Page Should Contain Element" library="SeleniumLibrary">
<arg>login-button</arg>
<doc>Verifies that element ``locator`` is found on the current page.</doc>
<msg timestamp="20211213 22:10:03.643" level="INFO">Current page contains element 'login-button'.</msg>
<status status="PASS" starttime="20211213 22:10:03.633" endtime="20211213 22:10:03.643"/>
</kw>
<kw name="Input Text" library="SeleniumLibrary">
<arg>user-name</arg>
<arg>standard_user</arg>
<doc>Types the given ``text`` into the text field identified by ``locator``.</doc>
<msg timestamp="20211213 22:10:03.644" level="INFO">Typing text 'standard_user' into text field 'user-name'.</msg>
<status status="PASS" starttime="20211213 22:10:03.644" endtime="20211213 22:10:03.726"/>
</kw>
<kw name="Input Password" library="SeleniumLibrary">
<arg>password</arg>
<arg>secret_sauce</arg>
<doc>Types the given password into the text field identified by ``locator``.</doc>
<msg timestamp="20211213 22:10:03.727" level="INFO">Typing password into text field 'password'.</msg>
<msg timestamp="20211213 22:10:03.753" level="INFO">Temporally setting log level to: NONE</msg>
<msg timestamp="20211213 22:10:03.786" level="INFO">Log level changed from NONE to INFO.</msg>
<status status="PASS" starttime="20211213 22:10:03.726" endtime="20211213 22:10:03.786"/>
</kw>
<kw name="Click Button" library="SeleniumLibrary">
<arg>login-button</arg>
<doc>Clicks the button identified by ``locator``.</doc>
<msg timestamp="20211213 22:10:03.787" level="INFO">Clicking button 'login-button'.</msg>
<status status="PASS" starttime="20211213 22:10:03.787" endtime="20211213 22:10:03.866"/>
</kw>
<kw name="Select From List By Index" library="SeleniumLibrary">
<arg>xpath://*[@id="header_container"]/div[2]/div[2]/span/select</arg>
<arg>1</arg>
<doc>Selects options from selection list ``locator`` by ``indexes``.</doc>
<msg timestamp="20211213 22:10:03.867" level="INFO">Selecting options from selection list 'xpath://*[@id="header_container"]/div[2]/div[2]/span/select' by index 1.</msg>
<status status="PASS" starttime="20211213 22:10:03.867" endtime="20211213 22:10:03.933"/>
</kw>
<kw name="Element Text Should Be" library="SeleniumLibrary">
<arg>xpath:/html/body/div/div/div/div[2]/div/div/div/div[1]/div[2]/div[1]/a/div</arg>
<arg>Test.allTheThings() T-Shirt (Red)</arg>
<doc>Verifies that element ``locator`` contains exact the text ``expected``.</doc>
<msg timestamp="20211213 22:10:03.934" level="INFO">Verifying element 'xpath:/html/body/div/div/div/div[2]/div/div/div/div[1]/div[2]/div[1]/a/div' contains exact text 'Test.allTheThings() T-Shirt (Red)'.</msg>
<status status="PASS" starttime="20211213 22:10:03.933" endtime="20211213 22:10:03.948"/>
</kw>
<kw name="Element Text Should Be" library="SeleniumLibrary">
<arg>xpath:/html/body/div/div/div/div[2]/div/div/div/div[6]/div[2]/div[1]/a/div</arg>
<arg>Sauce Labs Backpack</arg>
<doc>Verifies that element ``locator`` contains exact the text ``expected``.</doc>
<msg timestamp="20211213 22:10:03.949" level="INFO">Verifying element 'xpath:/html/body/div/div/div/div[2]/div/div/div/div[6]/div[2]/div[1]/a/div' contains exact text 'Sauce Labs Backpack'.</msg>
<status status="PASS" starttime="20211213 22:10:03.949" endtime="20211213 22:10:03.966"/>
</kw>
<kw name="Close Browser" library="SeleniumLibrary" type="TEARDOWN">
<doc>Closes the current browser.</doc>
<status status="PASS" starttime="20211213 22:10:03.967" endtime="20211213 22:10:06.139"/>
</kw>
<status status="PASS" starttime="20211213 22:10:01.612" endtime="20211213 22:10:06.139"/>
</test>
<doc>A test suite with a single test for sorting A-Z


</doc>
<status status="PASS" starttime="20211213 22:10:01.609" endtime="20211213 22:10:06.140"/>
</suite>
<suite id="s1-s5" name="Valid Login" source="C:\Users\Terra\Downloads\stsweng exercise\SauceDemoRobot\tests\valid_login.robot">
<test id="s1-s5-t1" name="Valid Login">
<kw name="Open Browser" library="SeleniumLibrary">
<arg>https://www.saucedemo.com/</arg>
<arg>chrome</arg>
<doc>Opens a new browser instance to the optional ``url``.</doc>
<msg timestamp="20211213 22:10:06.146" level="INFO">Opening browser 'chrome' to base url 'https://www.saucedemo.com/'.</msg>
<status status="PASS" starttime="20211213 22:10:06.146" endtime="20211213 22:10:08.011"/>
</kw>
<kw name="Maximize Browser Window" library="SeleniumLibrary">
<doc>Maximizes current browser window.</doc>
<status status="PASS" starttime="20211213 22:10:08.012" endtime="20211213 22:10:08.141"/>
</kw>
<kw name="Page Should Contain Element" library="SeleniumLibrary">
<arg>login-button</arg>
<doc>Verifies that element ``locator`` is found on the current page.</doc>
<msg timestamp="20211213 22:10:08.155" level="INFO">Current page contains element 'login-button'.</msg>
<status status="PASS" starttime="20211213 22:10:08.141" endtime="20211213 22:10:08.155"/>
</kw>
<kw name="Input Text" library="SeleniumLibrary">
<arg>user-name</arg>
<arg>standard_user</arg>
<doc>Types the given ``text`` into the text field identified by ``locator``.</doc>
<msg timestamp="20211213 22:10:08.156" level="INFO">Typing text 'standard_user' into text field 'user-name'.</msg>
<status status="PASS" starttime="20211213 22:10:08.155" endtime="20211213 22:10:08.242"/>
</kw>
<kw name="Input Password" library="SeleniumLibrary">
<arg>password</arg>
<arg>secret_sauce</arg>
<doc>Types the given password into the text field identified by ``locator``.</doc>
<msg timestamp="20211213 22:10:08.243" level="INFO">Typing password into text field 'password'.</msg>
<msg timestamp="20211213 22:10:08.272" level="INFO">Temporally setting log level to: NONE</msg>
<msg timestamp="20211213 22:10:08.310" level="INFO">Log level changed from NONE to INFO.</msg>
<status status="PASS" starttime="20211213 22:10:08.243" endtime="20211213 22:10:08.310"/>
</kw>
<kw name="Click Button" library="SeleniumLibrary">
<arg>login-button</arg>
<doc>Clicks the button identified by ``locator``.</doc>
<msg timestamp="20211213 22:10:08.311" level="INFO">Clicking button 'login-button'.</msg>
<status status="PASS" starttime="20211213 22:10:08.311" endtime="20211213 22:10:08.413"/>
</kw>
<kw name="Element Text Should Be" library="SeleniumLibrary">
<arg>class:title</arg>
<arg>PRODUCTS</arg>
<doc>Verifies that element ``locator`` contains exact the text ``expected``.</doc>
<msg timestamp="20211213 22:10:08.415" level="INFO">Verifying element 'class:title' contains exact text 'PRODUCTS'.</msg>
<status status="PASS" starttime="20211213 22:10:08.414" endtime="20211213 22:10:08.496"/>
</kw>
<kw name="Close Browser" library="SeleniumLibrary" type="TEARDOWN">
<doc>Closes the current browser.</doc>
<status status="PASS" starttime="20211213 22:10:08.496" endtime="20211213 22:10:10.684"/>
</kw>
<status status="PASS" starttime="20211213 22:10:06.146" endtime="20211213 22:10:10.684"/>
</test>
<doc>A test suite with a single test for valid login


</doc>
<status status="PASS" starttime="20211213 22:10:06.142" endtime="20211213 22:10:10.686"/>
</suite>
<suite id="s1-s6" name="Wrong Password" source="C:\Users\Terra\Downloads\stsweng exercise\SauceDemoRobot\tests\wrong_password.robot">
<test id="s1-s6-t1" name="Wrong Password">
<kw name="Open Browser" library="SeleniumLibrary">
<arg>https://www.saucedemo.com/</arg>
<arg>chrome</arg>
<doc>Opens a new browser instance to the optional ``url``.</doc>
<msg timestamp="20211213 22:10:10.693" level="INFO">Opening browser 'chrome' to base url 'https://www.saucedemo.com/'.</msg>
<status status="PASS" starttime="20211213 22:10:10.693" endtime="20211213 22:10:12.634"/>
</kw>
<kw name="Maximize Browser Window" library="SeleniumLibrary">
<doc>Maximizes current browser window.</doc>
<status status="PASS" starttime="20211213 22:10:12.635" endtime="20211213 22:10:12.751"/>
</kw>
<kw name="Page Should Contain Element" library="SeleniumLibrary">
<arg>login-button</arg>
<doc>Verifies that element ``locator`` is found on the current page.</doc>
<msg timestamp="20211213 22:10:12.765" level="INFO">Current page contains element 'login-button'.</msg>
<status status="PASS" starttime="20211213 22:10:12.752" endtime="20211213 22:10:12.766"/>
</kw>
<kw name="Input Text" library="SeleniumLibrary">
<arg>user-name</arg>
<arg>standard_user</arg>
<doc>Types the given ``text`` into the text field identified by ``locator``.</doc>
<msg timestamp="20211213 22:10:12.766" level="INFO">Typing text 'standard_user' into text field 'user-name'.</msg>
<status status="PASS" starttime="20211213 22:10:12.766" endtime="20211213 22:10:12.859"/>
</kw>
<kw name="Input Password" library="SeleniumLibrary">
<arg>password</arg>
<arg>111</arg>
<doc>Types the given password into the text field identified by ``locator``.</doc>
<msg timestamp="20211213 22:10:12.860" level="INFO">Typing password into text field 'password'.</msg>
<msg timestamp="20211213 22:10:12.886" level="INFO">Temporally setting log level to: NONE</msg>
<msg timestamp="20211213 22:10:12.911" level="INFO">Log level changed from NONE to INFO.</msg>
<status status="PASS" starttime="20211213 22:10:12.860" endtime="20211213 22:10:12.911"/>
</kw>
<kw name="Click Button" library="SeleniumLibrary">
<arg>login-button</arg>
<doc>Clicks the button identified by ``locator``.</doc>
<msg timestamp="20211213 22:10:12.912" level="INFO">Clicking button 'login-button'.</msg>
<status status="PASS" starttime="20211213 22:10:12.912" endtime="20211213 22:10:12.953"/>
</kw>
<kw name="Element Text Should Be" library="SeleniumLibrary">
<arg>xpath://*[@id="login_button_container"]/div/form/div[3]/h3</arg>
<arg>Epic sadface: Username and password do not match any user in this service</arg>
<doc>Verifies that element ``locator`` contains exact the text ``expected``.</doc>
<msg timestamp="20211213 22:10:12.954" level="INFO">Verifying element 'xpath://*[@id="login_button_container"]/div/form/div[3]/h3' contains exact text 'Epic sadface: Username and password do not match any user in this service'.</msg>
<status status="PASS" starttime="20211213 22:10:12.953" endtime="20211213 22:10:12.971"/>
</kw>
<kw name="Close Browser" library="SeleniumLibrary" type="TEARDOWN">
<doc>Closes the current browser.</doc>
<status status="PASS" starttime="20211213 22:10:12.971" endtime="20211213 22:10:15.122"/>
</kw>
<status status="PASS" starttime="20211213 22:10:10.692" endtime="20211213 22:10:15.122"/>
</test>
<doc>A test suite with a single test for wrong password


</doc>
<status status="PASS" starttime="20211213 22:10:10.688" endtime="20211213 22:10:15.124"/>
</suite>
<status status="PASS" starttime="20211213 22:09:46.745" endtime="20211213 22:10:15.127"/>
</suite>
<statistics>
<total>
<stat pass="6" fail="0" skip="0">All Tests</stat>
</total>
<tag>
</tag>
<suite>
<stat pass="6" fail="0" skip="0" id="s1" name="Tests">Tests</stat>
<stat pass="1" fail="0" skip="0" id="s1-s1" name="Locked User">Tests.Locked User</stat>
<stat pass="1" fail="0" skip="0" id="s1-s2" name="Problem User">Tests.Problem User</stat>
<stat pass="1" fail="0" skip="0" id="s1-s3" name="Sort AtoZ">Tests.Sort AtoZ</stat>
<stat pass="1" fail="0" skip="0" id="s1-s4" name="Sort ZtoA">Tests.Sort ZtoA</stat>
<stat pass="1" fail="0" skip="0" id="s1-s5" name="Valid Login">Tests.Valid Login</stat>
<stat pass="1" fail="0" skip="0" id="s1-s6" name="Wrong Password">Tests.Wrong Password</stat>
</suite>
</statistics>
<errors>
</errors>
</robot>
